<?xml version="1.0" encoding="UTF-8"?>
<!-- Generated by org.testng.reporters.JUnitReportReporter -->
<testsuite hostname="QSP" failures="0" tests="1" name="scripts.Test3" time="0.015" errors="0" timestamp="2022-01-08T16:15:58 IST" skipped="0">
  <testcase classname="scripts.Test3" name="tc4" time="0.015"/>
  <system-out>
Hello Python  </system-out>
</testsuite> <!-- scripts.Test3 -->
